<?xml version="1.0" encoding="UTF-8"?>
<!-- Generated by org.testng.reporters.JUnitReportReporter -->
<testsuite hostname="Harish-kumar" failures="0" tests="6" name="com.ecommerce.flipkartTest" time="28.911" errors="0" timestamp="2023-08-01T14:48:18 IST" skipped="0">
  <testcase classname="com.ecommerce.flipkartTest" name="searchProduct" time="5.891"/>
  <testcase classname="com.ecommerce.flipkartTest" name="imageVisiblity" time="5.059"/>
  <testcase classname="com.ecommerce.flipkartTest" name="loadtime" time="0.930"/>
  <testcase classname="com.ecommerce.flipkartTest" name="scrollToEnd" time="0.796"/>
  <testcase classname="com.ecommerce.flipkartTest" name="scrollFeature" time="2.667"/>
  <testcase classname="com.ecommerce.flipkartTest" name="TestOnDifferentBrowser" time="13.568"/>
</testsuite> <!-- com.ecommerce.flipkartTest -->
