<?xml version="1.0" encoding="UTF-8"?>
<!-- Generated by org.testng.reporters.JUnitReportReporter -->
<testsuite hostname="Harish-kumar" failures="0" tests="8" name="com.ecommerce.flipkartTest" time="30.673" errors="0" timestamp="2023-08-01T16:03:18 IST" skipped="0">
  <testcase classname="com.ecommerce.flipkartTest" name="verifyImageDownload" time="0.010"/>
  <testcase classname="com.ecommerce.flipkartTest" name="imageVisiblity" time="3.668"/>
  <testcase classname="com.ecommerce.flipkartTest" name="searchProduct" time="5.519"/>
  <testcase classname="com.ecommerce.flipkartTest" name="frequencyOfContentReload" time="3.744"/>
  <testcase classname="com.ecommerce.flipkartTest" name="loadtime" time="0.524"/>
  <testcase classname="com.ecommerce.flipkartTest" name="TestOnDifferentBrowser" time="11.615"/>
  <testcase classname="com.ecommerce.flipkartTest" name="scrollFeature" time="2.307"/>
  <testcase classname="com.ecommerce.flipkartTest" name="scrollToEnd" time="3.286"/>
</testsuite> <!-- com.ecommerce.flipkartTest -->
