<?xml version="1.0" encoding="UTF-8"?>
<!-- Generated by org.testng.reporters.JUnitReportReporter -->
<testsuite hostname="Harish-kumar" failures="0" tests="7" name="com.ecommerce.flipkartTest" time="33.597" errors="0" timestamp="2023-08-01T15:28:08 IST" skipped="0">
  <testcase classname="com.ecommerce.flipkartTest" name="searchProduct" time="5.305"/>
  <testcase classname="com.ecommerce.flipkartTest" name="scrollToEnd" time="0.466"/>
  <testcase classname="com.ecommerce.flipkartTest" name="loadtime" time="0.580"/>
  <testcase classname="com.ecommerce.flipkartTest" name="scrollFeature" time="2.271"/>
  <testcase classname="com.ecommerce.flipkartTest" name="imageVisiblity" time="3.408"/>
  <testcase classname="com.ecommerce.flipkartTest" name="frequencyOfContentReload" time="10.447"/>
  <testcase classname="com.ecommerce.flipkartTest" name="TestOnDifferentBrowser" time="11.120"/>
</testsuite> <!-- com.ecommerce.flipkartTest -->
